0 info it worked if it ends with ok
1 verbose cli [ 'E:\\Program Files\\nodejs\\node.exe',
1 verbose cli   'E:\\Program Files\\nodejs\\node_modules\\npm\\bin\\npm-cli.js',
1 verbose cli   'i',
1 verbose cli   'utf-8-validate' ]
2 info using npm@2.15.9
3 info using node@v5.3.0
4 verbose install initial load of E:\nan's code\S-B\package.json
5 warn package.json S-B@1.0.1 No repository field.
6 verbose installManyTop reading scoped package data from E:\nan's code\S-B\node_modules\babel-cli\package.json
7 verbose installManyTop reading scoped package data from E:\nan's code\S-B\node_modules\babel-core\package.json
8 verbose installManyTop reading scoped package data from E:\nan's code\S-B\node_modules\babel-loader\package.json
9 verbose installManyTop reading scoped package data from E:\nan's code\S-B\node_modules\babel-plugin-react-transform\package.json
10 verbose installManyTop reading scoped package data from E:\nan's code\S-B\node_modules\babel-plugin-syntax-class-properties\package.json
11 verbose installManyTop reading scoped package data from E:\nan's code\S-B\node_modules\babel-plugin-syntax-decorators\package.json
12 verbose installManyTop reading scoped package data from E:\nan's code\S-B\node_modules\babel-plugin-syntax-object-rest-spread\package.json
13 verbose installManyTop reading scoped package data from E:\nan's code\S-B\node_modules\babel-plugin-transform-class-properties\package.json
14 verbose installManyTop reading scoped package data from E:\nan's code\S-B\node_modules\babel-plugin-transform-decorators-legacy\package.json
15 verbose installManyTop reading scoped package data from E:\nan's code\S-B\node_modules\babel-plugin-transform-object-rest-spread\package.json
16 verbose installManyTop reading scoped package data from E:\nan's code\S-B\node_modules\babel-preset-es2015\package.json
17 verbose installManyTop reading scoped package data from E:\nan's code\S-B\node_modules\babel-preset-react\package.json
18 verbose installManyTop reading scoped package data from E:\nan's code\S-B\node_modules\body-parser\package.json
19 verbose installManyTop reading scoped package data from E:\nan's code\S-B\node_modules\classnames\package.json
20 verbose installManyTop reading scoped package data from E:\nan's code\S-B\node_modules\clean-webpack-plugin\package.json
21 verbose installManyTop reading scoped package data from E:\nan's code\S-B\node_modules\compression\package.json
22 verbose installManyTop reading scoped package data from E:\nan's code\S-B\node_modules\css-loader\package.json
23 verbose installManyTop reading scoped package data from E:\nan's code\S-B\node_modules\ejs\package.json
24 verbose installManyTop reading scoped package data from E:\nan's code\S-B\node_modules\express\package.json
25 verbose installManyTop reading scoped package data from E:\nan's code\S-B\node_modules\extract-text-webpack-plugin\package.json
26 verbose installManyTop reading scoped package data from E:\nan's code\S-B\node_modules\file-loader\package.json
27 verbose installManyTop reading scoped package data from E:\nan's code\S-B\node_modules\history\package.json
28 verbose installManyTop reading scoped package data from E:\nan's code\S-B\node_modules\html-webpack-plugin\package.json
29 verbose installManyTop reading scoped package data from E:\nan's code\S-B\node_modules\html-webpack-template\package.json
30 verbose installManyTop reading scoped package data from E:\nan's code\S-B\node_modules\immutable\package.json
31 verbose installManyTop reading scoped package data from E:\nan's code\S-B\node_modules\json-loader\package.json
32 verbose installManyTop reading scoped package data from E:\nan's code\S-B\node_modules\less\package.json
33 verbose installManyTop reading scoped package data from E:\nan's code\S-B\node_modules\less-loader\package.json
34 verbose installManyTop reading scoped package data from E:\nan's code\S-B\node_modules\lodash\package.json
35 verbose installManyTop reading scoped package data from E:\nan's code\S-B\node_modules\node-uuid\package.json
36 verbose installManyTop reading scoped package data from E:\nan's code\S-B\node_modules\promise\package.json
37 verbose installManyTop reading scoped package data from E:\nan's code\S-B\node_modules\react\package.json
38 verbose installManyTop reading scoped package data from E:\nan's code\S-B\node_modules\react-bootstrap\package.json
39 verbose installManyTop reading scoped package data from E:\nan's code\S-B\node_modules\react-dom\package.json
40 verbose installManyTop reading scoped package data from E:\nan's code\S-B\node_modules\react-immutable-render-mixin\package.json
41 verbose installManyTop reading scoped package data from E:\nan's code\S-B\node_modules\react-redux\package.json
42 verbose installManyTop reading scoped package data from E:\nan's code\S-B\node_modules\react-router\package.json
43 verbose installManyTop reading scoped package data from E:\nan's code\S-B\node_modules\react-transform-hmr\package.json
44 verbose installManyTop reading scoped package data from E:\nan's code\S-B\node_modules\redux\package.json
45 verbose installManyTop reading scoped package data from E:\nan's code\S-B\node_modules\redux-api-middleware\package.json
46 verbose installManyTop reading scoped package data from E:\nan's code\S-B\node_modules\redux-devtools\package.json
47 verbose installManyTop reading scoped package data from E:\nan's code\S-B\node_modules\redux-devtools-dock-monitor\package.json
48 verbose installManyTop reading scoped package data from E:\nan's code\S-B\node_modules\redux-devtools-log-monitor\package.json
49 verbose installManyTop reading scoped package data from E:\nan's code\S-B\node_modules\redux-thunk\package.json
50 verbose installManyTop reading scoped package data from E:\nan's code\S-B\node_modules\socket.io\package.json
51 verbose installManyTop reading scoped package data from E:\nan's code\S-B\node_modules\socket.io-client\package.json
52 verbose installManyTop reading scoped package data from E:\nan's code\S-B\node_modules\style-loader\package.json
53 verbose installManyTop reading scoped package data from E:\nan's code\S-B\node_modules\url-loader\package.json
54 verbose installManyTop reading scoped package data from E:\nan's code\S-B\node_modules\webpack\package.json
55 verbose installManyTop reading scoped package data from E:\nan's code\S-B\node_modules\webpack-dev-server\package.json
56 verbose installManyTop reading scoped package data from E:\nan's code\S-B\node_modules\webpack-merge\package.json
57 verbose installManyTop reading scoped package data from E:\nan's code\S-B\node_modules\ws\package.json
58 info package.json clean-webpack-plugin@0.1.11 No license field.
59 info package.json less-loader@2.2.3 No license field.
60 info package.json node-uuid@1.4.7 No license field.
61 verbose readDependencies loading dependencies from E:\nan's code\S-B\package.json
62 silly cache add args [ 'utf-8-validate', null ]
63 verbose cache add spec utf-8-validate
64 silly cache add parsed spec Result {
64 silly cache add   raw: 'utf-8-validate',
64 silly cache add   scope: null,
64 silly cache add   name: 'utf-8-validate',
64 silly cache add   rawSpec: '',
64 silly cache add   spec: 'latest',
64 silly cache add   type: 'tag' }
65 silly addNamed utf-8-validate@latest
66 verbose addNamed "latest" is being treated as a dist-tag for utf-8-validate
67 info addNameTag [ 'utf-8-validate', 'latest' ]
68 silly mapToRegistry name utf-8-validate
69 silly mapToRegistry using default registry
70 silly mapToRegistry registry https://registry.npmjs.org/
71 silly mapToRegistry data Result {
71 silly mapToRegistry   raw: 'utf-8-validate',
71 silly mapToRegistry   scope: null,
71 silly mapToRegistry   name: 'utf-8-validate',
71 silly mapToRegistry   rawSpec: '',
71 silly mapToRegistry   spec: 'latest',
71 silly mapToRegistry   type: 'tag' }
72 silly mapToRegistry uri https://registry.npmjs.org/utf-8-validate
73 verbose addNameTag registry:https://registry.npmjs.org/utf-8-validate not in flight; fetching
74 verbose request uri https://registry.npmjs.org/utf-8-validate
75 verbose request no auth needed
76 info attempt registry request try #1 at 09:22:08
77 verbose request id d9e9e77f861ffe40
78 verbose etag "6UVDOBYAU3CNPUO0PDLQYQ56Q"
79 http request GET https://registry.npmjs.org/utf-8-validate
80 http 304 https://registry.npmjs.org/utf-8-validate
81 verbose headers { date: 'Wed, 05 Oct 2016 01:22:10 GMT',
81 verbose headers   via: '1.1 varnish',
81 verbose headers   'cache-control': 'max-age=300',
81 verbose headers   etag: '"6UVDOBYAU3CNPUO0PDLQYQ56Q"',
81 verbose headers   age: '35',
81 verbose headers   connection: 'keep-alive',
81 verbose headers   'x-served-by': 'cache-hkg6820-HKG',
81 verbose headers   'x-cache': 'HIT',
81 verbose headers   'x-cache-hits': '2',
81 verbose headers   'x-timer': 'S1475630530.824554,VS0,VE0',
81 verbose headers   vary: 'Accept-Encoding' }
82 silly get cb [ 304,
82 silly get   { date: 'Wed, 05 Oct 2016 01:22:10 GMT',
82 silly get     via: '1.1 varnish',
82 silly get     'cache-control': 'max-age=300',
82 silly get     etag: '"6UVDOBYAU3CNPUO0PDLQYQ56Q"',
82 silly get     age: '35',
82 silly get     connection: 'keep-alive',
82 silly get     'x-served-by': 'cache-hkg6820-HKG',
82 silly get     'x-cache': 'HIT',
82 silly get     'x-cache-hits': '2',
82 silly get     'x-timer': 'S1475630530.824554,VS0,VE0',
82 silly get     vary: 'Accept-Encoding' } ]
83 verbose etag https://registry.npmjs.org/utf-8-validate from cache
84 verbose get saving utf-8-validate to C:\Users\asus\AppData\Roaming\npm-cache\registry.npmjs.org\utf-8-validate\.cache.json
85 verbose correctMkdir C:\Users\asus\AppData\Roaming\npm-cache correctMkdir not in flight; initializing
86 silly addNameTag next cb for utf-8-validate with tag latest
87 silly addNamed utf-8-validate@1.2.1
88 verbose addNamed "1.2.1" is a plain semver version for utf-8-validate
89 silly cache afterAdd utf-8-validate@1.2.1
90 verbose afterAdd C:\Users\asus\AppData\Roaming\npm-cache\utf-8-validate\1.2.1\package\package.json not in flight; writing
91 verbose correctMkdir C:\Users\asus\AppData\Roaming\npm-cache correctMkdir not in flight; initializing
92 verbose afterAdd C:\Users\asus\AppData\Roaming\npm-cache\utf-8-validate\1.2.1\package\package.json written
93 silly install resolved [ { name: 'utf-8-validate',
93 silly install resolved     version: '1.2.1',
93 silly install resolved     description: 'Validate UTF-8 for Web',
93 silly install resolved     main: 'index.js',
93 silly install resolved     scripts:
93 silly install resolved      { test: 'echo "Only testing builds, test have to be extraced from `ws`" && exit 0',
93 silly install resolved        install: 'node-gyp rebuild' },
93 silly install resolved     repository:
93 silly install resolved      { type: 'git',
93 silly install resolved        url: 'git+https://github.com/websockets/utf-8-validate.git' },
93 silly install resolved     keywords: [ 'utf-8-validate' ],
93 silly install resolved     author:
93 silly install resolved      { name: 'Einar Otto Stangvik',
93 silly install resolved        email: 'einaros@gmail.com',
93 silly install resolved        url: 'http://2x.io' },
93 silly install resolved     license: 'MIT',
93 silly install resolved     bugs: { url: 'https://github.com/websockets/utf-8-validate/issues' },
93 silly install resolved     homepage: 'https://github.com/websockets/utf-8-validate',
93 silly install resolved     dependencies: { bindings: '1.2.x', nan: '^2.0.5' },
93 silly install resolved     gypfile: true,
93 silly install resolved     gitHead: '8067ecff68899b9a1bb31d6906c80e1d5e88bcc7',
93 silly install resolved     _id: 'utf-8-validate@1.2.1',
93 silly install resolved     _shasum: '44cb7c6eead73d6b40448f71f745904357b9f72c',
93 silly install resolved     _from: 'utf-8-validate@latest',
93 silly install resolved     _npmVersion: '2.9.1',
93 silly install resolved     _nodeVersion: '0.12.3',
93 silly install resolved     _npmUser: { name: '3rdeden', email: 'npm@3rd-Eden.com' },
93 silly install resolved     maintainers: [ [Object], [Object], [Object] ],
93 silly install resolved     dist:
93 silly install resolved      { shasum: '44cb7c6eead73d6b40448f71f745904357b9f72c',
93 silly install resolved        tarball: 'https://registry.npmjs.org/utf-8-validate/-/utf-8-validate-1.2.1.tgz' },
93 silly install resolved     directories: {},
93 silly install resolved     _resolved: 'https://registry.npmjs.org/utf-8-validate/-/utf-8-validate-1.2.1.tgz',
93 silly install resolved     readme: 'ERROR: No README data found!' } ]
94 info install utf-8-validate@1.2.1 into E:\nan's code\S-B
95 info installOne utf-8-validate@1.2.1
96 verbose installOne of utf-8-validate to E:\nan's code\S-B not in flight; installing
97 verbose correctMkdir C:\Users\asus\AppData\Roaming\npm-cache\_locks correctMkdir not in flight; initializing
98 verbose lock using C:\Users\asus\AppData\Roaming\npm-cache\_locks\utf-8-validate-93182e9ee3344fbe.lock for E:\nan's code\S-B\node_modules\utf-8-validate
99 silly install write writing utf-8-validate 1.2.1 to E:\nan's code\S-B\node_modules\utf-8-validate
100 verbose unbuild node_modules\utf-8-validate
101 silly gentlyRm E:\nan's code\S-B\node_modules\utf-8-validate is being purged from base E:\nan's code\S-B
102 verbose gentlyRm don't care about contents; nuking E:\nan's code\S-B\node_modules\utf-8-validate
103 verbose tar unpack C:\Users\asus\AppData\Roaming\npm-cache\utf-8-validate\1.2.1\package.tgz
104 verbose tar unpacking to E:\nan's code\S-B\node_modules\utf-8-validate
105 silly gentlyRm E:\nan's code\S-B\node_modules\utf-8-validate is being purged
106 verbose gentlyRm don't care about contents; nuking E:\nan's code\S-B\node_modules\utf-8-validate
107 silly gunzTarPerm modes [ '777', '666' ]
108 silly gunzTarPerm extractEntry package.json
109 silly gunzTarPerm modified mode [ 'package.json', 420, 438 ]
110 silly gunzTarPerm extractEntry .npmignore
111 silly gunzTarPerm modified mode [ '.npmignore', 420, 438 ]
112 silly gunzTarPerm extractEntry README.md
113 silly gunzTarPerm modified mode [ 'README.md', 420, 438 ]
114 silly gunzTarPerm extractEntry fallback.js
115 silly gunzTarPerm modified mode [ 'fallback.js', 420, 438 ]
116 silly gunzTarPerm extractEntry index.js
117 silly gunzTarPerm modified mode [ 'index.js', 420, 438 ]
118 silly gunzTarPerm extractEntry binding.gyp
119 silly gunzTarPerm modified mode [ 'binding.gyp', 420, 438 ]
120 silly gunzTarPerm extractEntry .travis.yml
121 silly gunzTarPerm modified mode [ '.travis.yml', 420, 438 ]
122 silly gunzTarPerm extractEntry src/validation.cc
123 silly gunzTarPerm modified mode [ 'src/validation.cc', 420, 438 ]
124 verbose write writing to E:\nan's code\S-B\node_modules\utf-8-validate\package.json
125 info preinstall utf-8-validate@1.2.1
126 verbose readDependencies loading dependencies from E:\nan's code\S-B\node_modules\utf-8-validate\package.json
127 silly prepareForInstallMany adding bindings@1.2.x from utf-8-validate dependencies
128 silly prepareForInstallMany adding nan@^2.0.5 from utf-8-validate dependencies
129 verbose readDependencies loading dependencies from E:\nan's code\S-B\node_modules\utf-8-validate\package.json
130 silly cache add args [ 'bindings@1.2.x', null ]
131 verbose cache add spec bindings@1.2.x
132 silly cache add args [ 'nan@^2.0.5', null ]
133 verbose cache add spec nan@^2.0.5
134 silly cache add parsed spec Result {
134 silly cache add   raw: 'bindings@1.2.x',
134 silly cache add   scope: null,
134 silly cache add   name: 'bindings',
134 silly cache add   rawSpec: '1.2.x',
134 silly cache add   spec: '>=1.2.0 <1.3.0',
134 silly cache add   type: 'range' }
135 silly addNamed bindings@>=1.2.0 <1.3.0
136 verbose addNamed ">=1.2.0 <1.3.0" is a valid semver range for bindings
137 silly addNameRange { name: 'bindings', range: '>=1.2.0 <1.3.0', hasData: false }
138 silly mapToRegistry name bindings
139 silly mapToRegistry using default registry
140 silly mapToRegistry registry https://registry.npmjs.org/
141 silly mapToRegistry data Result {
141 silly mapToRegistry   raw: 'bindings',
141 silly mapToRegistry   scope: null,
141 silly mapToRegistry   name: 'bindings',
141 silly mapToRegistry   rawSpec: '',
141 silly mapToRegistry   spec: 'latest',
141 silly mapToRegistry   type: 'tag' }
142 silly mapToRegistry uri https://registry.npmjs.org/bindings
143 verbose addNameRange registry:https://registry.npmjs.org/bindings not in flight; fetching
144 silly cache add parsed spec Result {
144 silly cache add   raw: 'nan@^2.0.5',
144 silly cache add   scope: null,
144 silly cache add   name: 'nan',
144 silly cache add   rawSpec: '^2.0.5',
144 silly cache add   spec: '>=2.0.5 <3.0.0',
144 silly cache add   type: 'range' }
145 silly addNamed nan@>=2.0.5 <3.0.0
146 verbose addNamed ">=2.0.5 <3.0.0" is a valid semver range for nan
147 silly addNameRange { name: 'nan', range: '>=2.0.5 <3.0.0', hasData: false }
148 silly mapToRegistry name nan
149 silly mapToRegistry using default registry
150 silly mapToRegistry registry https://registry.npmjs.org/
151 silly mapToRegistry data Result {
151 silly mapToRegistry   raw: 'nan',
151 silly mapToRegistry   scope: null,
151 silly mapToRegistry   name: 'nan',
151 silly mapToRegistry   rawSpec: '',
151 silly mapToRegistry   spec: 'latest',
151 silly mapToRegistry   type: 'tag' }
152 silly mapToRegistry uri https://registry.npmjs.org/nan
153 verbose addNameRange registry:https://registry.npmjs.org/nan not in flight; fetching
154 verbose request uri https://registry.npmjs.org/nan
155 verbose request no auth needed
156 info attempt registry request try #1 at 09:22:09
157 verbose etag "1YJEPM5V4XH0MZT0HV3B8R9BB"
158 http request GET https://registry.npmjs.org/nan
159 verbose request uri https://registry.npmjs.org/bindings
160 verbose request no auth needed
161 info attempt registry request try #1 at 09:22:09
162 verbose etag "C1AW6UVQGY4VZQGFC1WTIGMDV"
163 http request GET https://registry.npmjs.org/bindings
164 http 304 https://registry.npmjs.org/bindings
165 verbose headers { date: 'Wed, 05 Oct 2016 01:22:11 GMT',
165 verbose headers   via: '1.1 varnish',
165 verbose headers   'cache-control': 'max-age=300',
165 verbose headers   etag: '"C1AW6UVQGY4VZQGFC1WTIGMDV"',
165 verbose headers   age: '60',
165 verbose headers   connection: 'keep-alive',
165 verbose headers   'x-served-by': 'cache-hkg6823-HKG',
165 verbose headers   'x-cache': 'HIT',
165 verbose headers   'x-cache-hits': '2',
165 verbose headers   'x-timer': 'S1475630531.799616,VS0,VE0',
165 verbose headers   vary: 'Accept-Encoding' }
166 silly get cb [ 304,
166 silly get   { date: 'Wed, 05 Oct 2016 01:22:11 GMT',
166 silly get     via: '1.1 varnish',
166 silly get     'cache-control': 'max-age=300',
166 silly get     etag: '"C1AW6UVQGY4VZQGFC1WTIGMDV"',
166 silly get     age: '60',
166 silly get     connection: 'keep-alive',
166 silly get     'x-served-by': 'cache-hkg6823-HKG',
166 silly get     'x-cache': 'HIT',
166 silly get     'x-cache-hits': '2',
166 silly get     'x-timer': 'S1475630531.799616,VS0,VE0',
166 silly get     vary: 'Accept-Encoding' } ]
167 verbose etag https://registry.npmjs.org/bindings from cache
168 verbose get saving bindings to C:\Users\asus\AppData\Roaming\npm-cache\registry.npmjs.org\bindings\.cache.json
169 verbose correctMkdir C:\Users\asus\AppData\Roaming\npm-cache correctMkdir not in flight; initializing
170 silly addNameRange number 2 { name: 'bindings', range: '>=1.2.0 <1.3.0', hasData: true }
171 silly addNameRange versions [ 'bindings',
171 silly addNameRange   [ '0.0.1',
171 silly addNameRange     '0.1.0',
171 silly addNameRange     '0.1.1',
171 silly addNameRange     '0.2.0',
171 silly addNameRange     '0.2.1',
171 silly addNameRange     '0.2.2',
171 silly addNameRange     '0.2.3',
171 silly addNameRange     '0.2.4',
171 silly addNameRange     '0.3.0',
171 silly addNameRange     '0.4.0',
171 silly addNameRange     '1.0.0',
171 silly addNameRange     '1.1.0',
171 silly addNameRange     '1.1.1',
171 silly addNameRange     '1.2.0',
171 silly addNameRange     '1.2.1' ] ]
172 silly addNamed bindings@1.2.1
173 verbose addNamed "1.2.1" is a plain semver version for bindings
174 silly cache afterAdd bindings@1.2.1
175 verbose afterAdd C:\Users\asus\AppData\Roaming\npm-cache\bindings\1.2.1\package\package.json not in flight; writing
176 verbose correctMkdir C:\Users\asus\AppData\Roaming\npm-cache correctMkdir not in flight; initializing
177 verbose afterAdd C:\Users\asus\AppData\Roaming\npm-cache\bindings\1.2.1\package\package.json written
178 http 304 https://registry.npmjs.org/nan
179 verbose headers { date: 'Wed, 05 Oct 2016 01:22:13 GMT',
179 verbose headers   via: '1.1 varnish',
179 verbose headers   'cache-control': 'max-age=300',
179 verbose headers   etag: '"1YJEPM5V4XH0MZT0HV3B8R9BB"',
179 verbose headers   age: '9',
179 verbose headers   connection: 'keep-alive',
179 verbose headers   'x-served-by': 'cache-hkg6822-HKG',
179 verbose headers   'x-cache': 'HIT',
179 verbose headers   'x-cache-hits': '1',
179 verbose headers   'x-timer': 'S1475630533.808716,VS0,VE0',
179 verbose headers   vary: 'Accept-Encoding' }
180 silly get cb [ 304,
180 silly get   { date: 'Wed, 05 Oct 2016 01:22:13 GMT',
180 silly get     via: '1.1 varnish',
180 silly get     'cache-control': 'max-age=300',
180 silly get     etag: '"1YJEPM5V4XH0MZT0HV3B8R9BB"',
180 silly get     age: '9',
180 silly get     connection: 'keep-alive',
180 silly get     'x-served-by': 'cache-hkg6822-HKG',
180 silly get     'x-cache': 'HIT',
180 silly get     'x-cache-hits': '1',
180 silly get     'x-timer': 'S1475630533.808716,VS0,VE0',
180 silly get     vary: 'Accept-Encoding' } ]
181 verbose etag https://registry.npmjs.org/nan from cache
182 verbose get saving nan to C:\Users\asus\AppData\Roaming\npm-cache\registry.npmjs.org\nan\.cache.json
183 verbose correctMkdir C:\Users\asus\AppData\Roaming\npm-cache correctMkdir not in flight; initializing
184 silly addNameRange number 2 { name: 'nan', range: '>=2.0.5 <3.0.0', hasData: true }
185 silly addNameRange versions [ 'nan',
185 silly addNameRange   [ '0.3.0-wip',
185 silly addNameRange     '0.3.0-wip2',
185 silly addNameRange     '0.3.0',
185 silly addNameRange     '0.3.1',
185 silly addNameRange     '0.3.2',
185 silly addNameRange     '0.4.0',
185 silly addNameRange     '0.4.1',
185 silly addNameRange     '0.4.2',
185 silly addNameRange     '0.4.3',
185 silly addNameRange     '0.4.4',
185 silly addNameRange     '0.5.0',
185 silly addNameRange     '0.5.1',
185 silly addNameRange     '0.5.2',
185 silly addNameRange     '0.6.0',
185 silly addNameRange     '0.7.0',
185 silly addNameRange     '0.7.1',
185 silly addNameRange     '0.8.0',
185 silly addNameRange     '1.0.0',
185 silly addNameRange     '1.1.0',
185 silly addNameRange     '1.1.1',
185 silly addNameRange     '1.1.2',
185 silly addNameRange     '1.2.0',
185 silly addNameRange     '1.3.0',
185 silly addNameRange     '1.4.0',
185 silly addNameRange     '1.4.1',
185 silly addNameRange     '1.5.0',
185 silly addNameRange     '1.4.2',
185 silly addNameRange     '1.4.3',
185 silly addNameRange     '1.5.1',
185 silly addNameRange     '1.5.2',
185 silly addNameRange     '1.6.0',
185 silly addNameRange     '1.5.3',
185 silly addNameRange     '1.6.1',
185 silly addNameRange     '1.6.2',
185 silly addNameRange     '1.7.0',
185 silly addNameRange     '1.8.0',
185 silly addNameRange     '1.8.1',
185 silly addNameRange     '1.8.2',
185 silly addNameRange     '1.8.3',
185 silly addNameRange     '1.8.4',
185 silly addNameRange     '1.9.0',
185 silly addNameRange     '2.0.0',
185 silly addNameRange     '2.0.1',
185 silly addNameRange     '2.0.2',
185 silly addNameRange     '2.0.3',
185 silly addNameRange     '2.0.4',
185 silly addNameRange     '2.0.5',
185 silly addNameRange     '2.0.6',
185 silly addNameRange     '2.0.7',
185 silly addNameRange     '2.0.8',
185 silly addNameRange     '2.0.9',
185 silly addNameRange     '2.1.0',
185 silly addNameRange     '2.2.0',
185 silly addNameRange     '2.2.1',
185 silly addNameRange     '2.3.0',
185 silly addNameRange     '2.3.1',
185 silly addNameRange     '2.3.2',
185 silly addNameRange     '2.3.3',
185 silly addNameRange     '2.3.4',
185 silly addNameRange     '2.3.5',
185 silly addNameRange     '2.4.0' ] ]
186 silly addNamed nan@2.4.0
187 verbose addNamed "2.4.0" is a plain semver version for nan
188 silly cache afterAdd nan@2.4.0
189 verbose afterAdd C:\Users\asus\AppData\Roaming\npm-cache\nan\2.4.0\package\package.json not in flight; writing
190 verbose correctMkdir C:\Users\asus\AppData\Roaming\npm-cache correctMkdir not in flight; initializing
191 verbose afterAdd C:\Users\asus\AppData\Roaming\npm-cache\nan\2.4.0\package\package.json written
192 silly install resolved [ { name: 'bindings',
192 silly install resolved     description: 'Helper module for loading your native module\'s .node file',
192 silly install resolved     keywords: [ 'native', 'addon', 'bindings', 'gyp', 'waf', 'c', 'c++' ],
192 silly install resolved     version: '1.2.1',
192 silly install resolved     author:
192 silly install resolved      { name: 'Nathan Rajlich',
192 silly install resolved        email: 'nathan@tootallnate.net',
192 silly install resolved        url: 'http://tootallnate.net' },
192 silly install resolved     repository:
192 silly install resolved      { type: 'git',
192 silly install resolved        url: 'git://github.com/TooTallNate/node-bindings.git' },
192 silly install resolved     main: './bindings.js',
192 silly install resolved     bugs: { url: 'https://github.com/TooTallNate/node-bindings/issues' },
192 silly install resolved     homepage: 'https://github.com/TooTallNate/node-bindings',
192 silly install resolved     license: 'MIT',
192 silly install resolved     gitHead: 'e404152ee27f8478ccbc7122ee051246e8e5ec02',
192 silly install resolved     _id: 'bindings@1.2.1',
192 silly install resolved     scripts: {},
192 silly install resolved     _shasum: '14ad6113812d2d37d72e67b4cacb4bb726505f11',
192 silly install resolved     _from: 'bindings@>=1.2.0 <1.3.0',
192 silly install resolved     _npmVersion: '1.4.14',
192 silly install resolved     _npmUser: { name: 'tootallnate', email: 'nathan@tootallnate.net' },
192 silly install resolved     maintainers: [ [Object], [Object] ],
192 silly install resolved     dist:
192 silly install resolved      { shasum: '14ad6113812d2d37d72e67b4cacb4bb726505f11',
192 silly install resolved        tarball: 'https://registry.npmjs.org/bindings/-/bindings-1.2.1.tgz' },
192 silly install resolved     directories: {},
192 silly install resolved     _resolved: 'https://registry.npmjs.org/bindings/-/bindings-1.2.1.tgz',
192 silly install resolved     readme: 'ERROR: No README data found!' },
192 silly install resolved   { name: 'nan',
192 silly install resolved     version: '2.4.0',
192 silly install resolved     description: 'Native Abstractions for Node.js: C++ header for Node 0.8 -> 6 compatibility',
192 silly install resolved     main: 'include_dirs.js',
192 silly install resolved     repository: { type: 'git', url: 'git://github.com/nodejs/nan.git' },
192 silly install resolved     scripts:
192 silly install resolved      { test: 'tap --gc --stderr test/js/*-test.js',
192 silly install resolved        'rebuild-tests': 'node-gyp rebuild --msvs_version=2013 --directory test',
192 silly install resolved        docs: 'doc/.build.sh' },
192 silly install resolved     contributors:
192 silly install resolved      [ [Object],
192 silly install resolved        [Object],
192 silly install resolved        [Object],
192 silly install resolved        [Object],
192 silly install resolved        [Object],
192 silly install resolved        [Object],
192 silly install resolved        [Object] ],
192 silly install resolved     devDependencies:
192 silly install resolved      { bindings: '~1.2.1',
192 silly install resolved        commander: '^2.8.1',
192 silly install resolved        glob: '^5.0.14',
192 silly install resolved        'node-gyp': '~3.0.1',
192 silly install resolved        'readable-stream': '^2.1.4',
192 silly install resolved        tap: '~0.7.1',
192 silly install resolved        xtend: '~4.0.0' },
192 silly install resolved     license: 'MIT',
192 silly install resolved     bugs: { url: 'https://github.com/nodejs/nan/issues' },
192 silly install resolved     homepage: 'https://github.com/nodejs/nan#readme',
192 silly install resolved     _id: 'nan@2.4.0',
192 silly install resolved     _shasum: 'fb3c59d45fe4effe215f0b890f8adf6eb32d2232',
192 silly install resolved     _resolved: 'https://registry.npmjs.org/nan/-/nan-2.4.0.tgz',
192 silly install resolved     _from: 'nan@>=2.0.5 <3.0.0',
192 silly install resolved     _npmVersion: '3.3.6',
192 silly install resolved     _nodeVersion: '5.0.0',
192 silly install resolved     _npmUser: { name: 'kkoopa', email: 'bbyholm@abo.fi' },
192 silly install resolved     dist:
192 silly install resolved      { shasum: 'fb3c59d45fe4effe215f0b890f8adf6eb32d2232',
192 silly install resolved        tarball: 'https://registry.npmjs.org/nan/-/nan-2.4.0.tgz' },
192 silly install resolved     maintainers: [ [Object], [Object] ],
192 silly install resolved     _npmOperationalInternal:
192 silly install resolved      { host: 'packages-16-east.internal.npmjs.com',
192 silly install resolved        tmp: 'tmp/nan-2.4.0.tgz_1468158679820_0.6951719264034182' },
192 silly install resolved     directories: {},
192 silly install resolved     readme: 'ERROR: No README data found!' } ]
193 info install bindings@1.2.1 into E:\nan's code\S-B\node_modules\utf-8-validate
194 info install nan@2.4.0 into E:\nan's code\S-B\node_modules\utf-8-validate
195 info installOne bindings@1.2.1
196 verbose installOne of bindings to E:\nan's code\S-B\node_modules\utf-8-validate not in flight; installing
197 verbose correctMkdir C:\Users\asus\AppData\Roaming\npm-cache\_locks correctMkdir not in flight; initializing
198 info installOne nan@2.4.0
199 verbose installOne of nan to E:\nan's code\S-B\node_modules\utf-8-validate not in flight; installing
200 verbose correctMkdir C:\Users\asus\AppData\Roaming\npm-cache\_locks correctMkdir not in flight; initializing
201 verbose lock using C:\Users\asus\AppData\Roaming\npm-cache\_locks\bindings-3932d3cc25e9fbe5.lock for E:\nan's code\S-B\node_modules\utf-8-validate\node_modules\bindings
202 verbose lock using C:\Users\asus\AppData\Roaming\npm-cache\_locks\nan-de4cdcf6365b88ad.lock for E:\nan's code\S-B\node_modules\utf-8-validate\node_modules\nan
203 silly install write writing bindings 1.2.1 to E:\nan's code\S-B\node_modules\utf-8-validate\node_modules\bindings
204 silly install write writing nan 2.4.0 to E:\nan's code\S-B\node_modules\utf-8-validate\node_modules\nan
205 verbose unbuild node_modules\utf-8-validate\node_modules\bindings
206 verbose unbuild node_modules\utf-8-validate\node_modules\nan
207 silly gentlyRm E:\nan's code\S-B\node_modules\utf-8-validate\node_modules\bindings is being purged from base E:\nan's code\S-B
208 verbose gentlyRm don't care about contents; nuking E:\nan's code\S-B\node_modules\utf-8-validate\node_modules\bindings
209 silly gentlyRm E:\nan's code\S-B\node_modules\utf-8-validate\node_modules\nan is being purged from base E:\nan's code\S-B
210 verbose gentlyRm don't care about contents; nuking E:\nan's code\S-B\node_modules\utf-8-validate\node_modules\nan
211 verbose tar unpack C:\Users\asus\AppData\Roaming\npm-cache\bindings\1.2.1\package.tgz
212 verbose tar unpacking to E:\nan's code\S-B\node_modules\utf-8-validate\node_modules\bindings
213 silly gentlyRm E:\nan's code\S-B\node_modules\utf-8-validate\node_modules\bindings is being purged
214 verbose gentlyRm don't care about contents; nuking E:\nan's code\S-B\node_modules\utf-8-validate\node_modules\bindings
215 verbose tar unpack C:\Users\asus\AppData\Roaming\npm-cache\nan\2.4.0\package.tgz
216 verbose tar unpacking to E:\nan's code\S-B\node_modules\utf-8-validate\node_modules\nan
217 silly gentlyRm E:\nan's code\S-B\node_modules\utf-8-validate\node_modules\nan is being purged
218 verbose gentlyRm don't care about contents; nuking E:\nan's code\S-B\node_modules\utf-8-validate\node_modules\nan
219 silly gunzTarPerm modes [ '777', '666' ]
220 silly gunzTarPerm modes [ '777', '666' ]
221 silly gunzTarPerm extractEntry package.json
222 silly gunzTarPerm modified mode [ 'package.json', 420, 438 ]
223 silly gunzTarPerm extractEntry package.json
224 silly gunzTarPerm modified mode [ 'package.json', 436, 438 ]
225 silly gunzTarPerm extractEntry README.md
226 silly gunzTarPerm modified mode [ 'README.md', 420, 438 ]
227 silly gunzTarPerm extractEntry bindings.js
228 silly gunzTarPerm modified mode [ 'bindings.js', 420, 438 ]
229 silly gunzTarPerm extractEntry README.md
230 silly gunzTarPerm modified mode [ 'README.md', 436, 438 ]
231 silly gunzTarPerm extractEntry include_dirs.js
232 silly gunzTarPerm modified mode [ 'include_dirs.js', 436, 438 ]
233 silly gunzTarPerm extractEntry nan_callbacks_pre_12_inl.h
234 silly gunzTarPerm modified mode [ 'nan_callbacks_pre_12_inl.h', 436, 438 ]
235 silly gunzTarPerm extractEntry CHANGELOG.md
236 silly gunzTarPerm modified mode [ 'CHANGELOG.md', 436, 438 ]
237 silly gunzTarPerm extractEntry LICENSE.md
238 silly gunzTarPerm modified mode [ 'LICENSE.md', 436, 438 ]
239 silly gunzTarPerm extractEntry doc/node_misc.md
240 silly gunzTarPerm modified mode [ 'doc/node_misc.md', 436, 438 ]
241 verbose write writing to E:\nan's code\S-B\node_modules\utf-8-validate\node_modules\bindings\package.json
242 info preinstall bindings@1.2.1
243 verbose readDependencies loading dependencies from E:\nan's code\S-B\node_modules\utf-8-validate\node_modules\bindings\package.json
244 verbose readDependencies loading dependencies from E:\nan's code\S-B\node_modules\utf-8-validate\node_modules\bindings\package.json
245 silly gunzTarPerm extractEntry doc/asyncworker.md
246 silly gunzTarPerm modified mode [ 'doc/asyncworker.md', 436, 438 ]
247 silly gunzTarPerm extractEntry doc/callback.md
248 silly gunzTarPerm modified mode [ 'doc/callback.md', 436, 438 ]
249 silly install resolved []
250 verbose about to build E:\nan's code\S-B\node_modules\utf-8-validate\node_modules\bindings
251 info build E:\nan's code\S-B\node_modules\utf-8-validate\node_modules\bindings
252 silly gunzTarPerm extractEntry doc/converters.md
253 silly gunzTarPerm modified mode [ 'doc/converters.md', 436, 438 ]
254 silly gunzTarPerm extractEntry doc/errors.md
255 silly gunzTarPerm modified mode [ 'doc/errors.md', 436, 438 ]
256 info linkStuff bindings@1.2.1
257 silly linkStuff bindings@1.2.1 has E:\nan's code\S-B\node_modules\utf-8-validate\node_modules as its parent node_modules
258 verbose linkBins bindings@1.2.1
259 verbose linkMans bindings@1.2.1
260 verbose rebuildBundles bindings@1.2.1
261 info install bindings@1.2.1
262 info postinstall bindings@1.2.1
263 silly gunzTarPerm extractEntry doc/maybe_types.md
264 silly gunzTarPerm modified mode [ 'doc/maybe_types.md', 436, 438 ]
265 silly gunzTarPerm extractEntry doc/methods.md
266 silly gunzTarPerm modified mode [ 'doc/methods.md', 436, 438 ]
267 verbose unlock done using C:\Users\asus\AppData\Roaming\npm-cache\_locks\bindings-3932d3cc25e9fbe5.lock for E:\nan's code\S-B\node_modules\utf-8-validate\node_modules\bindings
268 silly gunzTarPerm extractEntry doc/new.md
269 silly gunzTarPerm modified mode [ 'doc/new.md', 436, 438 ]
270 silly gunzTarPerm extractEntry doc/buffers.md
271 silly gunzTarPerm modified mode [ 'doc/buffers.md', 436, 438 ]
272 silly gunzTarPerm extractEntry doc/object_wrappers.md
273 silly gunzTarPerm modified mode [ 'doc/object_wrappers.md', 436, 438 ]
274 silly gunzTarPerm extractEntry doc/persistent.md
275 silly gunzTarPerm modified mode [ 'doc/persistent.md', 436, 438 ]
276 silly gunzTarPerm extractEntry doc/scopes.md
277 silly gunzTarPerm modified mode [ 'doc/scopes.md', 436, 438 ]
278 silly gunzTarPerm extractEntry doc/script.md
279 silly gunzTarPerm modified mode [ 'doc/script.md', 436, 438 ]
280 silly gunzTarPerm extractEntry doc/string_bytes.md
281 silly gunzTarPerm modified mode [ 'doc/string_bytes.md', 436, 438 ]
282 silly gunzTarPerm extractEntry doc/v8_internals.md
283 silly gunzTarPerm modified mode [ 'doc/v8_internals.md', 436, 438 ]
284 silly gunzTarPerm extractEntry doc/v8_misc.md
285 silly gunzTarPerm modified mode [ 'doc/v8_misc.md', 436, 438 ]
286 silly gunzTarPerm extractEntry nan.h
287 silly gunzTarPerm modified mode [ 'nan.h', 436, 438 ]
288 silly gunzTarPerm extractEntry nan_callbacks.h
289 silly gunzTarPerm modified mode [ 'nan_callbacks.h', 436, 438 ]
290 silly gunzTarPerm extractEntry nan_callbacks_12_inl.h
291 silly gunzTarPerm modified mode [ 'nan_callbacks_12_inl.h', 436, 438 ]
292 silly gunzTarPerm extractEntry nan_converters.h
293 silly gunzTarPerm modified mode [ 'nan_converters.h', 436, 438 ]
294 silly gunzTarPerm extractEntry nan_converters_43_inl.h
295 silly gunzTarPerm modified mode [ 'nan_converters_43_inl.h', 436, 438 ]
296 silly gunzTarPerm extractEntry nan_converters_pre_43_inl.h
297 silly gunzTarPerm modified mode [ 'nan_converters_pre_43_inl.h', 436, 438 ]
298 silly gunzTarPerm extractEntry nan_implementation_12_inl.h
299 silly gunzTarPerm modified mode [ 'nan_implementation_12_inl.h', 436, 438 ]
300 silly gunzTarPerm extractEntry nan_implementation_pre_12_inl.h
301 silly gunzTarPerm modified mode [ 'nan_implementation_pre_12_inl.h', 436, 438 ]
302 silly gunzTarPerm extractEntry nan_maybe_43_inl.h
303 silly gunzTarPerm modified mode [ 'nan_maybe_43_inl.h', 436, 438 ]
304 silly gunzTarPerm extractEntry nan_maybe_pre_43_inl.h
305 silly gunzTarPerm modified mode [ 'nan_maybe_pre_43_inl.h', 436, 438 ]
306 silly gunzTarPerm extractEntry nan_new.h
307 silly gunzTarPerm modified mode [ 'nan_new.h', 436, 438 ]
308 silly gunzTarPerm extractEntry nan_object_wrap.h
309 silly gunzTarPerm modified mode [ 'nan_object_wrap.h', 436, 438 ]
310 silly gunzTarPerm extractEntry nan_persistent_12_inl.h
311 silly gunzTarPerm modified mode [ 'nan_persistent_12_inl.h', 436, 438 ]
312 silly gunzTarPerm extractEntry nan_persistent_pre_12_inl.h
313 silly gunzTarPerm modified mode [ 'nan_persistent_pre_12_inl.h', 436, 438 ]
314 silly gunzTarPerm extractEntry nan_string_bytes.h
315 silly gunzTarPerm modified mode [ 'nan_string_bytes.h', 436, 438 ]
316 silly gunzTarPerm extractEntry nan_typedarray_contents.h
317 silly gunzTarPerm modified mode [ 'nan_typedarray_contents.h', 436, 438 ]
318 silly gunzTarPerm extractEntry nan_weak.h
319 silly gunzTarPerm modified mode [ 'nan_weak.h', 436, 438 ]
320 silly gunzTarPerm extractEntry tools/package.json
321 silly gunzTarPerm modified mode [ 'tools/package.json', 436, 438 ]
322 silly gunzTarPerm extractEntry tools/README.md
323 silly gunzTarPerm modified mode [ 'tools/README.md', 436, 438 ]
324 silly gunzTarPerm extractEntry tools/1to2.js
325 silly gunzTarPerm modified mode [ 'tools/1to2.js', 509, 511 ]
326 verbose write writing to E:\nan's code\S-B\node_modules\utf-8-validate\node_modules\nan\package.json
327 info preinstall nan@2.4.0
328 verbose readDependencies loading dependencies from E:\nan's code\S-B\node_modules\utf-8-validate\node_modules\nan\package.json
329 verbose readDependencies loading dependencies from E:\nan's code\S-B\node_modules\utf-8-validate\node_modules\nan\package.json
330 silly install resolved []
331 verbose about to build E:\nan's code\S-B\node_modules\utf-8-validate\node_modules\nan
332 info build E:\nan's code\S-B\node_modules\utf-8-validate\node_modules\nan
333 info linkStuff nan@2.4.0
334 silly linkStuff nan@2.4.0 has E:\nan's code\S-B\node_modules\utf-8-validate\node_modules as its parent node_modules
335 verbose linkBins nan@2.4.0
336 verbose linkMans nan@2.4.0
337 verbose rebuildBundles nan@2.4.0
338 info install nan@2.4.0
339 info postinstall nan@2.4.0
340 verbose unlock done using C:\Users\asus\AppData\Roaming\npm-cache\_locks\nan-de4cdcf6365b88ad.lock for E:\nan's code\S-B\node_modules\utf-8-validate\node_modules\nan
341 verbose about to build E:\nan's code\S-B\node_modules\utf-8-validate
342 info build E:\nan's code\S-B\node_modules\utf-8-validate
343 info linkStuff utf-8-validate@1.2.1
344 silly linkStuff utf-8-validate@1.2.1 has E:\nan's code\S-B\node_modules as its parent node_modules
345 verbose linkBins utf-8-validate@1.2.1
346 verbose linkMans utf-8-validate@1.2.1
347 verbose rebuildBundles utf-8-validate@1.2.1
348 verbose rebuildBundles [ 'bindings', 'nan' ]
349 info install utf-8-validate@1.2.1
350 verbose unsafe-perm in lifecycle true
351 info utf-8-validate@1.2.1 Failed to exec install script
352 verbose unlock done using C:\Users\asus\AppData\Roaming\npm-cache\_locks\utf-8-validate-93182e9ee3344fbe.lock for E:\nan's code\S-B\node_modules\utf-8-validate
353 verbose stack Error: utf-8-validate@1.2.1 install: `node-gyp rebuild`
353 verbose stack Exit status 1
353 verbose stack     at EventEmitter.<anonymous> (E:\Program Files\nodejs\node_modules\npm\lib\utils\lifecycle.js:217:16)
353 verbose stack     at emitTwo (events.js:87:13)
353 verbose stack     at EventEmitter.emit (events.js:172:7)
353 verbose stack     at ChildProcess.<anonymous> (E:\Program Files\nodejs\node_modules\npm\lib\utils\spawn.js:24:14)
353 verbose stack     at emitTwo (events.js:87:13)
353 verbose stack     at ChildProcess.emit (events.js:172:7)
353 verbose stack     at maybeClose (internal/child_process.js:818:16)
353 verbose stack     at Process.ChildProcess._handle.onexit (internal/child_process.js:211:5)
354 verbose pkgid utf-8-validate@1.2.1
355 verbose cwd E:\nan's code\S-B
356 error Windows_NT 10.0.10586
357 error argv "E:\\Program Files\\nodejs\\node.exe" "E:\\Program Files\\nodejs\\node_modules\\npm\\bin\\npm-cli.js" "i" "utf-8-validate"
358 error node v5.3.0
359 error npm  v2.15.9
360 error code ELIFECYCLE
361 error utf-8-validate@1.2.1 install: `node-gyp rebuild`
361 error Exit status 1
362 error Failed at the utf-8-validate@1.2.1 install script 'node-gyp rebuild'.
362 error This is most likely a problem with the utf-8-validate package,
362 error not with npm itself.
362 error Tell the author that this fails on your system:
362 error     node-gyp rebuild
362 error You can get information on how to open an issue for this project with:
362 error     npm bugs utf-8-validate
362 error Or if that isn't available, you can get their info via:
362 error
362 error     npm owner ls utf-8-validate
362 error There is likely additional logging output above.
363 verbose exit [ 1, true ]
364 verbose unbuild node_modules\utf-8-validate
365 info preuninstall utf-8-validate@1.2.1
366 info uninstall utf-8-validate@1.2.1
367 verbose unbuild rmStuff utf-8-validate@1.2.1 from E:\nan's code\S-B\node_modules
368 info postuninstall utf-8-validate@1.2.1
369 silly gentlyRm E:\nan's code\S-B\node_modules\utf-8-validate is being purged from base E:\nan's code\S-B
370 verbose gentlyRm don't care about contents; nuking E:\nan's code\S-B\node_modules\utf-8-validate
371 silly vacuum-fs purging E:\nan's code\S-B\node_modules\utf-8-validate
372 silly vacuum-fs quitting because other entries in E:\nan's code\S-B\node_modules
